E:\Autodesk\work\part\减速箱\低速轴.dwg,布局2,2016/7/14/星期四 15:32:42,Administrator,DWG To PDF.pc3,ISO full bleed A3 (420.00 x 297.00 毫米),1:1,
E:\Autodesk\work\part\减速箱\减速箱.dwg,布局3,2016/7/14/星期四 23:35:25,Administrator,DWG To PDF.pc3,ISO full bleed A1 (841.00 x 594.00 毫米),1:1,
Drawing2.dwg,布局2,2016/7/15/星期五 7:57:17,Administrator,DWG To PDF.pc3,ISO A2 (420.00 x 594.00 毫米),1:1,
Drawing2.dwg,布局2,2016/7/15/星期五 8:01:17,Administrator,DWG To PDF.pc3,ISO A2 (420.00 x 594.00 毫米),1:1,
Drawing2.dwg,布局2,2016/7/15/星期五 8:06:45,Administrator,DWG To PDF.pc3,ISO A2 (420.00 x 594.00 毫米),1:1,
Drawing2.dwg,布局2,2016/7/15/星期五 9:42:59,Administrator,DWG To PDF.pc3,ISO A2 (420.00 x 594.00 毫米),1:1,
Drawing2.dwg,布局2,2016/7/15/星期五 9:45:53,Administrator,DWG To PDF.pc3,ISO A2 (420.00 x 594.00 毫米),1:1,
Drawing2.dwg,布局2,2016/7/15/星期五 10:38:04,Administrator,DWG To PDF.pc3,ISO A2 (420.00 x 594.00 毫米),1:1,
Drawing3.dwg,布局2,2016/7/15/星期五 18:46:15,Administrator,DWG To PDF.pc3,ISO A4 (210.00 x 297.00 毫米),1:1,
Drawing3.dwg,布局2,2016/7/15/星期五 18:47:10,Administrator,DWG To PDF.pc3,ISO A4 (210.00 x 297.00 毫米),1:1,
E:\Autodesk\work\part\减速箱\减速箱.dwg,布局3,2016/7/16/星期六 2:00:41,Administrator,DWG To PDF.pc3,ISO full bleed A1 (841.00 x 594.00 毫米),1:1,
E:\Autodesk\work\part\减速箱\低速级大齿轮.dwg,布局2,2016/7/16/星期六 2:13:09,Administrator,DWG To PDF.pc3,ISO full bleed A3 (420.00 x 297.00 毫米),1:1,
E:\Autodesk\work\part\减速箱\低速轴.dwg,布局2,2016/7/16/星期六 2:25:08,Administrator,DWG To PDF.pc3,ISO full bleed A3 (420.00 x 297.00 毫米),1:1,
E:\Autodesk\work\part\减速箱\减速箱.dwg,布局3,2016/7/16/星期六 13:47:19,Administrator,DWG To PDF.pc3,ISO full bleed A1 (841.00 x 594.00 毫米),1:1,
E:\Autodesk\work\part\减速箱\低速级大齿轮.dwg,布局2,2016/7/16/星期六 13:51:43,Administrator,DWG To PDF.pc3,ISO full bleed A3 (420.00 x 297.00 毫米),1:1,
E:\Autodesk\work\part\减速箱\减速箱.dwg,布局3,2016/7/16/星期六 14:10:58,Administrator,DWG To PDF.pc3,ISO full bleed A1 (841.00 x 594.00 毫米),1:1,
E:\Autodesk\work\part\减速箱\减速箱.dwg,布局3,2016/7/16/星期六 14:40:20,Administrator,DWG To PDF.pc3,ISO full bleed A1 (841.00 x 594.00 毫米),1:1,
E:\Autodesk\work\part\减速箱\低速级大齿轮.dwg,布局2,2016/7/16/星期六 14:43:42,Administrator,DWG To PDF.pc3,ISO full bleed A3 (420.00 x 297.00 毫米),1:1,
E:\Autodesk\work\part\减速箱\低速级大齿轮.dwg,布局2,2016/7/16/星期六 14:45:58,Administrator,DWG To PDF.pc3,ISO full bleed A3 (420.00 x 297.00 毫米),1:1,
E:\Autodesk\work\part\减速箱\减速箱.dwg,布局3,2016/7/16/星期六 15:19:56,Administrator,DWG To PDF.pc3,ISO full bleed A1 (841.00 x 594.00 毫米),1:1,
E:\Autodesk\work\part\减速箱\减速箱.dwg,布局3,2016/7/16/星期六 15:26:14,Administrator,DWG To PDF.pc3,ISO full bleed A1 (841.00 x 594.00 毫米),1:1,
E:\Autodesk\work\part\减速箱\减速箱.dwg,布局3,2016/7/16/星期六 15:30:15,Administrator,DWG To PDF.pc3,ISO full bleed A1 (841.00 x 594.00 毫米),1:1,
E:\Autodesk\work\part\减速箱\低速轴.dwg,布局2,2016/7/17/星期日 2:09:16,Administrator,DWG To PDF.pc3,ISO full bleed A3 (420.00 x 297.00 毫米),1:1,
E:\Autodesk\work\part\减速箱\低速级大齿轮.dwg,布局2,2016/7/17/星期日 2:09:36,Administrator,DWG To PDF.pc3,ISO full bleed A3 (420.00 x 297.00 毫米),1:1,
E:\Autodesk\work\part\减速箱\减速箱.dwg,布局3,2016/7/17/星期日 2:24:05,Administrator,DWG To PDF.pc3,ISO full bleed A1 (841.00 x 594.00 毫米),1:1,
E:\Autodesk\work\part\减速箱\低速轴.dwg,布局2,2016/7/17/星期日 2:26:54,Administrator,DWG To PDF.pc3,ISO full bleed A3 (420.00 x 297.00 毫米),1:1,
E:\Autodesk\work\part\减速箱\减速箱.dwg,布局3,2016/7/17/星期日 10:07:02,Administrator,DWG To PDF.pc3,ISO full bleed A1 (841.00 x 594.00 毫米),1:1,
